2024-04-06 12:13:28,390 - app.Log - INFO - (/api/state_mean): Registered job state mean with id: 58.
2024-04-06 12:13:28,428 - app.Log - INFO - (/api/get_results/58): Requested solution for job_58.
2024-04-06 12:13:28,431 - app.Log - INFO - (/api/get_results/58): Received solution for job_58.
2024-04-06 12:13:28,442 - app.Log - INFO - (/api/state_mean): Request body: {'question': 'Percent of adults who report consuming vegetables less than one time daily', 'state': 'Massachusetts'}.
2024-04-06 12:13:28,443 - app.Log - INFO - (/api/state_mean): Registered job state mean with id: 59.
2024-04-06 12:13:28,449 - app.Log - INFO - (/api/get_results/59): Requested solution for job_59.
2024-04-06 12:13:28,453 - app.Log - INFO - (/api/get_results/59): Received solution for job_59.
2024-04-06 12:13:28,462 - app.Log - INFO - (/api/state_mean): Request body: {'question': 'Percent of adults who report consuming vegetables less than one time daily', 'state': 'National'}.
2024-04-06 12:13:28,463 - app.Log - INFO - (/api/state_mean): Registered job state mean with id: 60.
2024-04-06 12:13:28,468 - app.Log - INFO - (/api/get_results/60): Requested solution for job_60.
2024-04-06 12:13:28,471 - app.Log - INFO - (/api/get_results/60): Received solution for job_60.
2024-04-06 12:13:28,479 - app.Log - INFO - (/api/state_mean): Request body: {'question': 'Percent of adults aged 18 years and older who have an overweight classification', 'state': 'Guam'}.
2024-04-06 12:13:28,480 - app.Log - INFO - (/api/state_mean): Registered job state mean with id: 61.
2024-04-06 12:13:28,486 - app.Log - INFO - (/api/get_results/61): Requested solution for job_61.
2024-04-06 12:13:28,488 - app.Log - INFO - (/api/get_results/61): Received solution for job_61.
2024-04-06 12:13:28,497 - app.Log - INFO - (/api/state_mean): Request body: {'question': 'Percent of adults aged 18 years and older who have an overweight classification', 'state': 'Maine'}.
2024-04-06 12:13:28,498 - app.Log - INFO - (/api/state_mean): Registered job state mean with id: 62.
2024-04-06 12:13:28,504 - app.Log - INFO - (/api/get_results/62): Requested solution for job_62.
2024-04-06 12:13:28,506 - app.Log - INFO - (/api/get_results/62): Received solution for job_62.
2024-04-06 12:13:28,512 - app.Log - INFO - (/api/state_mean): Request body: {'question': 'Percent of adults aged 18 years and older who have an overweight classification', 'state': 'Massachusetts'}.
2024-04-06 12:13:28,513 - app.Log - INFO - (/api/state_mean): Registered job state mean with id: 63.
2024-04-06 12:13:28,518 - app.Log - INFO - (/api/get_results/63): Requested solution for job_63.
2024-04-06 12:13:28,521 - app.Log - INFO - (/api/get_results/63): Received solution for job_63.
2024-04-06 12:13:28,527 - app.Log - INFO - (/api/state_mean): Request body: {'question': 'Percent of adults aged 18 years and older who have an overweight classification', 'state': 'National'}.
2024-04-06 12:13:28,528 - app.Log - INFO - (/api/state_mean): Registered job state mean with id: 64.
2024-04-06 12:13:28,534 - app.Log - INFO - (/api/get_results/64): Requested solution for job_64.
2024-04-06 12:13:28,536 - app.Log - INFO - (/api/get_results/64): Received solution for job_64.
2024-04-06 12:13:28,542 - app.Log - INFO - (/api/state_mean): Request body: {'question': 'Percent of adults who achieve at least 150 minutes a week of moderate-intensity aerobic physical activity or 75 minutes a week of vigorous-intensity aerobic physical activity and engage in muscle-strengthening activities on 2 or more days a week', 'state': 'Guam'}.
2024-04-06 12:13:28,543 - app.Log - INFO - (/api/state_mean): Registered job state mean with id: 65.
2024-04-06 12:13:28,548 - app.Log - INFO - (/api/get_results/65): Requested solution for job_65.
2024-04-06 12:13:28,551 - app.Log - INFO - (/api/get_results/65): Received solution for job_65.
2024-04-06 12:13:28,557 - app.Log - INFO - (/api/state_mean): Request body: {'question': 'Percent of adults who achieve at least 150 minutes a week of moderate-intensity aerobic physical activity or 75 minutes a week of vigorous-intensity aerobic physical activity and engage in muscle-strengthening activities on 2 or more days a week', 'state': 'Maine'}.
2024-04-06 12:13:28,558 - app.Log - INFO - (/api/state_mean): Registered job state mean with id: 66.
2024-04-06 12:13:28,564 - app.Log - INFO - (/api/get_results/66): Requested solution for job_66.
2024-04-06 12:13:28,566 - app.Log - INFO - (/api/get_results/66): Received solution for job_66.
2024-04-06 12:13:28,572 - app.Log - INFO - (/api/state_mean): Request body: {'question': 'Percent of adults who achieve at least 150 minutes a week of moderate-intensity aerobic physical activity or 75 minutes a week of vigorous-intensity aerobic physical activity and engage in muscle-strengthening activities on 2 or more days a week', 'state': 'Massachusetts'}.
2024-04-06 12:13:28,573 - app.Log - INFO - (/api/state_mean): Registered job state mean with id: 67.
2024-04-06 12:13:28,578 - app.Log - INFO - (/api/get_results/67): Requested solution for job_67.
2024-04-06 12:13:28,580 - app.Log - INFO - (/api/get_results/67): Received solution for job_67.
2024-04-06 12:13:28,587 - app.Log - INFO - (/api/state_mean): Request body: {'question': 'Percent of adults who achieve at least 150 minutes a week of moderate-intensity aerobic physical activity or 75 minutes a week of vigorous-intensity aerobic activity (or an equivalent combination)', 'state': 'Maine'}.
2024-04-06 12:13:28,588 - app.Log - INFO - (/api/state_mean): Registered job state mean with id: 68.
2024-04-06 12:13:28,593 - app.Log - INFO - (/api/get_results/68): Requested solution for job_68.
2024-04-06 12:13:28,595 - app.Log - INFO - (/api/get_results/68): Received solution for job_68.
2024-04-06 12:13:28,602 - app.Log - INFO - (/api/state_mean): Request body: {'question': 'Percent of adults who achieve at least 150 minutes a week of moderate-intensity aerobic physical activity or 75 minutes a week of vigorous-intensity aerobic physical activity and engage in muscle-strengthening activities on 2 or more days a week', 'state': 'National'}.
2024-04-06 12:13:28,603 - app.Log - INFO - (/api/state_mean): Registered job state mean with id: 69.
2024-04-06 12:13:28,608 - app.Log - INFO - (/api/get_results/69): Requested solution for job_69.
2024-04-06 12:13:28,610 - app.Log - INFO - (/api/get_results/69): Received solution for job_69.
2024-04-06 12:13:28,616 - app.Log - INFO - (/api/state_mean): Request body: {'question': 'Percent of adults who achieve at least 150 minutes a week of moderate-intensity aerobic physical activity or 75 minutes a week of vigorous-intensity aerobic activity (or an equivalent combination)', 'state': 'Massachusetts'}.
2024-04-06 12:13:28,617 - app.Log - INFO - (/api/state_mean): Registered job state mean with id: 70.
2024-04-06 12:13:28,623 - app.Log - INFO - (/api/get_results/70): Requested solution for job_70.
2024-04-06 12:13:28,625 - app.Log - INFO - (/api/get_results/70): Received solution for job_70.
2024-04-06 12:13:28,631 - app.Log - INFO - (/api/state_mean): Request body: {'question': 'Percent of adults who achieve at least 150 minutes a week of moderate-intensity aerobic physical activity or 75 minutes a week of vigorous-intensity aerobic activity (or an equivalent combination)', 'state': 'National'}.
2024-04-06 12:13:28,632 - app.Log - INFO - (/api/state_mean): Registered job state mean with id: 71.
2024-04-06 12:13:28,637 - app.Log - INFO - (/api/get_results/71): Requested solution for job_71.
2024-04-06 12:13:28,639 - app.Log - INFO - (/api/get_results/71): Received solution for job_71.
2024-04-06 12:13:28,647 - app.Log - INFO - (/api/state_mean): Request body: {'question': 'Percent of adults who achieve at least 150 minutes a week of moderate-intensity aerobic physical activity or 75 minutes a week of vigorous-intensity aerobic activity (or an equivalent combination)', 'state': 'Guam'}.
2024-04-06 12:13:28,647 - app.Log - INFO - (/api/state_mean): Registered job state mean with id: 72.
2024-04-06 12:13:28,653 - app.Log - INFO - (/api/get_results/72): Requested solution for job_72.
2024-04-06 12:13:28,656 - app.Log - INFO - (/api/get_results/72): Received solution for job_72.
2024-04-06 12:13:28,665 - app.Log - INFO - (/api/state_mean): Request body: {'question': 'Percent of adults who achieve at least 150 minutes a week of moderate-intensity aerobic physical activity or 75 minutes a week of vigorous-intensity aerobic activity (or an equivalent combination)', 'state': 'Maine'}.
2024-04-06 12:13:28,666 - app.Log - INFO - (/api/state_mean): Registered job state mean with id: 73.
2024-04-06 12:13:28,671 - app.Log - INFO - (/api/get_results/73): Requested solution for job_73.
2024-04-06 12:13:28,674 - app.Log - INFO - (/api/get_results/73): Received solution for job_73.
2024-04-06 12:13:28,682 - app.Log - INFO - (/api/state_mean): Request body: {'question': 'Percent of adults who achieve at least 150 minutes a week of moderate-intensity aerobic physical activity or 75 minutes a week of vigorous-intensity aerobic activity (or an equivalent combination)', 'state': 'Massachusetts'}.
2024-04-06 12:13:28,683 - app.Log - INFO - (/api/state_mean): Registered job state mean with id: 74.
2024-04-06 12:13:28,688 - app.Log - INFO - (/api/get_results/74): Requested solution for job_74.
2024-04-06 12:13:28,691 - app.Log - INFO - (/api/get_results/74): Received solution for job_74.
2024-04-06 12:13:28,698 - app.Log - INFO - (/api/state_mean): Request body: {'question': 'Percent of adults who achieve at least 150 minutes a week of moderate-intensity aerobic physical activity or 75 minutes a week of vigorous-intensity aerobic activity (or an equivalent combination)', 'state': 'National'}.
2024-04-06 12:13:28,699 - app.Log - INFO - (/api/state_mean): Registered job state mean with id: 75.
2024-04-06 12:13:28,704 - app.Log - INFO - (/api/get_results/75): Requested solution for job_75.
2024-04-06 12:13:28,707 - app.Log - INFO - (/api/get_results/75): Received solution for job_75.
2024-04-06 12:13:28,713 - app.Log - INFO - (/api/state_mean): Request body: {'question': 'Percent of adults who report consuming vegetables less than one time daily', 'state': 'Guam'}.
2024-04-06 12:13:28,714 - app.Log - INFO - (/api/state_mean): Registered job state mean with id: 76.
2024-04-06 12:13:28,720 - app.Log - INFO - (/api/get_results/76): Requested solution for job_76.
2024-04-06 12:13:28,722 - app.Log - INFO - (/api/get_results/76): Received solution for job_76.
2024-04-06 12:13:28,775 - app.Log - INFO - (/api/state_mean_by_category): Request body: {'question': 'Percent of adults aged 18 years and older who have an overweight classification', 'state': 'Oklahoma'}.
2024-04-06 12:13:28,775 - app.Log - INFO - (/api/state_mean_by_category): Registered job state mean by category with id: 77.
2024-04-06 12:13:28,781 - app.Log - INFO - (/api/get_results/77): Requested solution for job_77.
2024-04-06 12:13:28,784 - app.Log - INFO - (/api/get_results/77): Received solution for job_77.
2024-04-06 12:13:28,791 - app.Log - INFO - (/api/state_mean_by_category): Request body: {'question': 'Percent of adults who achieve at least 150 minutes a week of moderate-intensity aerobic physical activity or 75 minutes a week of vigorous-intensity aerobic physical activity and engage in muscle-strengthening activities on 2 or more days a week', 'state': 'Wisconsin'}.
2024-04-06 12:13:28,792 - app.Log - INFO - (/api/state_mean_by_category): Registered job state mean by category with id: 78.
2024-04-06 12:13:28,797 - app.Log - INFO - (/api/get_results/78): Requested solution for job_78.
2024-04-06 12:13:28,799 - app.Log - INFO - (/api/get_results/78): Received solution for job_78.
2024-04-06 12:13:28,806 - app.Log - INFO - (/api/state_mean_by_category): Request body: {'question': 'Percent of adults who achieve at least 150 minutes a week of moderate-intensity aerobic physical activity or 75 minutes a week of vigorous-intensity aerobic physical activity and engage in muscle-strengthening activities on 2 or more days a week', 'state': 'Connecticut'}.
2024-04-06 12:13:28,807 - app.Log - INFO - (/api/state_mean_by_category): Registered job state mean by category with id: 79.
2024-04-06 12:13:28,812 - app.Log - INFO - (/api/get_results/79): Requested solution for job_79.
2024-04-06 12:13:28,814 - app.Log - INFO - (/api/get_results/79): Received solution for job_79.
2024-04-06 12:13:28,821 - app.Log - INFO - (/api/state_mean_by_category): Request body: {'question': 'Percent of adults who achieve at least 150 minutes a week of moderate-intensity aerobic physical activity or 75 minutes a week of vigorous-intensity aerobic physical activity and engage in muscle-strengthening activities on 2 or more days a week', 'state': 'Georgia'}.
2024-04-06 12:13:28,822 - app.Log - INFO - (/api/state_mean_by_category): Registered job state mean by category with id: 80.
2024-04-06 12:13:28,827 - app.Log - INFO - (/api/get_results/80): Requested solution for job_80.
2024-04-06 12:13:28,829 - app.Log - INFO - (/api/get_results/80): Received solution for job_80.
2024-04-06 12:13:28,836 - app.Log - INFO - (/api/state_mean_by_category): Request body: {'question': 'Percent of adults who engage in muscle-strengthening activities on 2 or more days a week', 'state': 'Oklahoma'}.
2024-04-06 12:13:28,836 - app.Log - INFO - (/api/state_mean_by_category): Registered job state mean by category with id: 81.
2024-04-06 12:13:28,842 - app.Log - INFO - (/api/get_results/81): Requested solution for job_81.
2024-04-06 12:13:28,844 - app.Log - INFO - (/api/get_results/81): Received solution for job_81.
2024-04-06 12:13:28,852 - app.Log - INFO - (/api/state_mean_by_category): Request body: {'question': 'Percent of adults who engage in muscle-strengthening activities on 2 or more days a week', 'state': 'Wisconsin'}.
2024-04-06 12:13:28,853 - app.Log - INFO - (/api/state_mean_by_category): Registered job state mean by category with id: 82.
2024-04-06 12:13:28,858 - app.Log - INFO - (/api/get_results/82): Requested solution for job_82.
2024-04-06 12:13:28,860 - app.Log - INFO - (/api/get_results/82): Received solution for job_82.
2024-04-06 12:13:28,867 - app.Log - INFO - (/api/state_mean_by_category): Request body: {'question': 'Percent of adults who engage in muscle-strengthening activities on 2 or more days a week', 'state': 'Connecticut'}.
2024-04-06 12:13:28,867 - app.Log - INFO - (/api/state_mean_by_category): Registered job state mean by category with id: 83.
2024-04-06 12:13:28,872 - app.Log - INFO - (/api/get_results/83): Requested solution for job_83.
2024-04-06 12:13:28,874 - app.Log - INFO - (/api/get_results/83): Received solution for job_83.
2024-04-06 12:13:28,882 - app.Log - INFO - (/api/state_mean_by_category): Request body: {'question': 'Percent of adults who engage in muscle-strengthening activities on 2 or more days a week', 'state': 'Georgia'}.
2024-04-06 12:13:28,883 - app.Log - INFO - (/api/state_mean_by_category): Registered job state mean by category with id: 84.
2024-04-06 12:13:28,888 - app.Log - INFO - (/api/get_results/84): Requested solution for job_84.
2024-04-06 12:13:28,890 - app.Log - INFO - (/api/get_results/84): Received solution for job_84.
2024-04-06 12:13:28,897 - app.Log - INFO - (/api/state_mean_by_category): Request body: {'question': 'Percent of adults who report consuming vegetables less than one time daily', 'state': 'Oklahoma'}.
2024-04-06 12:13:28,897 - app.Log - INFO - (/api/state_mean_by_category): Registered job state mean by category with id: 85.
2024-04-06 12:13:28,903 - app.Log - INFO - (/api/get_results/85): Requested solution for job_85.
2024-04-06 12:13:28,905 - app.Log - INFO - (/api/get_results/85): Received solution for job_85.
2024-04-06 12:13:28,912 - app.Log - INFO - (/api/state_mean_by_category): Request body: {'question': 'Percent of adults who report consuming vegetables less than one time daily', 'state': 'Wisconsin'}.
2024-04-06 12:13:28,912 - app.Log - INFO - (/api/state_mean_by_category): Registered job state mean by category with id: 86.
2024-04-06 12:13:28,918 - app.Log - INFO - (/api/get_results/86): Requested solution for job_86.
2024-04-06 12:13:28,920 - app.Log - INFO - (/api/get_results/86): Received solution for job_86.
2024-04-06 12:13:28,926 - app.Log - INFO - (/api/state_mean_by_category): Request body: {'question': 'Percent of adults who report consuming vegetables less than one time daily', 'state': 'Connecticut'}.
2024-04-06 12:13:28,927 - app.Log - INFO - (/api/state_mean_by_category): Registered job state mean by category with id: 87.
2024-04-06 12:13:28,932 - app.Log - INFO - (/api/get_results/87): Requested solution for job_87.
2024-04-06 12:13:28,934 - app.Log - INFO - (/api/get_results/87): Received solution for job_87.
2024-04-06 12:13:28,941 - app.Log - INFO - (/api/state_mean_by_category): Request body: {'question': 'Percent of adults aged 18 years and older who have an overweight classification', 'state': 'Wisconsin'}.
2024-04-06 12:13:28,941 - app.Log - INFO - (/api/state_mean_by_category): Registered job state mean by category with id: 88.
2024-04-06 12:13:28,946 - app.Log - INFO - (/api/get_results/88): Requested solution for job_88.
2024-04-06 12:13:28,949 - app.Log - INFO - (/api/get_results/88): Received solution for job_88.
2024-04-06 12:13:28,956 - app.Log - INFO - (/api/state_mean_by_category): Request body: {'question': 'Percent of adults who report consuming vegetables less than one time daily', 'state': 'Georgia'}.
2024-04-06 12:13:28,956 - app.Log - INFO - (/api/state_mean_by_category): Registered job state mean by category with id: 89.
2024-04-06 12:13:28,962 - app.Log - INFO - (/api/get_results/89): Requested solution for job_89.
2024-04-06 12:13:28,964 - app.Log - INFO - (/api/get_results/89): Received solution for job_89.
2024-04-06 12:13:28,970 - app.Log - INFO - (/api/state_mean_by_category): Request body: {'question': 'Percent of adults aged 18 years and older who have an overweight classification', 'state': 'Connecticut'}.
2024-04-06 12:13:28,971 - app.Log - INFO - (/api/state_mean_by_category): Registered job state mean by category with id: 90.
2024-04-06 12:13:28,976 - app.Log - INFO - (/api/get_results/90): Requested solution for job_90.
2024-04-06 12:13:28,979 - app.Log - INFO - (/api/get_results/90): Received solution for job_90.
2024-04-06 12:13:28,986 - app.Log - INFO - (/api/state_mean_by_category): Request body: {'question': 'Percent of adults aged 18 years and older who have an overweight classification', 'state': 'Georgia'}.
2024-04-06 12:13:28,987 - app.Log - INFO - (/api/state_mean_by_category): Registered job state mean by category with id: 91.
2024-04-06 12:13:28,992 - app.Log - INFO - (/api/get_results/91): Requested solution for job_91.
2024-04-06 12:13:28,995 - app.Log - INFO - (/api/get_results/91): Received solution for job_91.
2024-04-06 12:13:29,003 - app.Log - INFO - (/api/state_mean_by_category): Request body: {'question': 'Percent of adults aged 18 years and older who have obesity', 'state': 'Oklahoma'}.
2024-04-06 12:13:29,004 - app.Log - INFO - (/api/state_mean_by_category): Registered job state mean by category with id: 92.
2024-04-06 12:13:29,010 - app.Log - INFO - (/api/get_results/92): Requested solution for job_92.
2024-04-06 12:13:29,012 - app.Log - INFO - (/api/get_results/92): Received solution for job_92.
2024-04-06 12:13:29,020 - app.Log - INFO - (/api/state_mean_by_category): Request body: {'question': 'Percent of adults aged 18 years and older who have obesity', 'state': 'Wisconsin'}.
2024-04-06 12:13:29,021 - app.Log - INFO - (/api/state_mean_by_category): Registered job state mean by category with id: 93.
2024-04-06 12:13:29,030 - app.Log - INFO - (/api/get_results/93): Requested solution for job_93.
2024-04-06 12:13:29,033 - app.Log - INFO - (/api/get_results/93): Received solution for job_93.
2024-04-06 12:13:29,043 - app.Log - INFO - (/api/state_mean_by_category): Request body: {'question': 'Percent of adults aged 18 years and older who have obesity', 'state': 'Connecticut'}.
2024-04-06 12:13:29,044 - app.Log - INFO - (/api/state_mean_by_category): Registered job state mean by category with id: 94.
2024-04-06 12:13:29,051 - app.Log - INFO - (/api/get_results/94): Requested solution for job_94.
2024-04-06 12:13:29,054 - app.Log - INFO - (/api/get_results/94): Received solution for job_94.
2024-04-06 12:13:29,063 - app.Log - INFO - (/api/state_mean_by_category): Request body: {'question': 'Percent of adults aged 18 years and older who have obesity', 'state': 'Georgia'}.
2024-04-06 12:13:29,064 - app.Log - INFO - (/api/state_mean_by_category): Registered job state mean by category with id: 95.
2024-04-06 12:13:29,071 - app.Log - INFO - (/api/get_results/95): Requested solution for job_95.
2024-04-06 12:13:29,074 - app.Log - INFO - (/api/get_results/95): Received solution for job_95.
2024-04-06 12:13:29,085 - app.Log - INFO - (/api/state_mean_by_category): Request body: {'question': 'Percent of adults who achieve at least 150 minutes a week of moderate-intensity aerobic physical activity or 75 minutes a week of vigorous-intensity aerobic physical activity and engage in muscle-strengthening activities on 2 or more days a week', 'state': 'Oklahoma'}.
2024-04-06 12:13:29,086 - app.Log - INFO - (/api/state_mean_by_category): Registered job state mean by category with id: 96.
2024-04-06 12:13:29,092 - app.Log - INFO - (/api/get_results/96): Requested solution for job_96.
2024-04-06 12:13:29,095 - app.Log - INFO - (/api/get_results/96): Received solution for job_96.
2024-04-06 12:13:29,157 - app.Log - INFO - (/api/states_mean): Request body: {'question': 'Percent of adults aged 18 years and older who have an overweight classification'}.
2024-04-06 12:13:29,158 - app.Log - INFO - Registered job states mean with id: 97.
2024-04-06 12:13:29,165 - app.Log - INFO - (/api/get_results/97): Requested solution for job_97.
2024-04-06 12:13:29,166 - app.Log - INFO - (/api/get_results/97): Received solution for job_97.
2024-04-06 12:13:29,174 - app.Log - INFO - (/api/states_mean): Request body: {'question': 'Percent of adults aged 18 years and older who have obesity'}.
2024-04-06 12:13:29,175 - app.Log - INFO - Registered job states mean with id: 98.
2024-04-06 12:13:29,183 - app.Log - INFO - (/api/get_results/98): Requested solution for job_98.
2024-04-06 12:13:29,185 - app.Log - INFO - (/api/get_results/98): Received solution for job_98.
2024-04-06 12:13:29,193 - app.Log - INFO - (/api/states_mean): Request body: {'question': 'Percent of adults who achieve at least 150 minutes a week of moderate-intensity aerobic physical activity or 75 minutes a week of vigorous-intensity aerobic activity (or an equivalent combination)'}.
2024-04-06 12:13:29,194 - app.Log - INFO - Registered job states mean with id: 99.
2024-04-06 12:13:29,199 - app.Log - INFO - (/api/get_results/99): Requested solution for job_99.
2024-04-06 12:13:29,201 - app.Log - INFO - (/api/get_results/99): Received solution for job_99.
2024-04-06 12:13:29,208 - app.Log - INFO - (/api/states_mean): Request body: {'question': 'Percent of adults who achieve at least 150 minutes a week of moderate-intensity aerobic physical activity or 75 minutes a week of vigorous-intensity aerobic physical activity and engage in muscle-strengthening activities on 2 or more days a week'}.
2024-04-06 12:13:29,209 - app.Log - INFO - Registered job states mean with id: 100.
2024-04-06 12:13:29,214 - app.Log - INFO - (/api/get_results/100): Requested solution for job_100.
2024-04-06 12:13:29,216 - app.Log - INFO - (/api/get_results/100): Received solution for job_100.
2024-04-06 12:13:29,223 - app.Log - INFO - (/api/states_mean): Request body: {'question': 'Percent of adults who achieve at least 300 minutes a week of moderate-intensity aerobic physical activity or 150 minutes a week of vigorous-intensity aerobic activity (or an equivalent combination)'}.
2024-04-06 12:13:29,224 - app.Log - INFO - Registered job states mean with id: 101.
2024-04-06 12:13:29,231 - app.Log - INFO - (/api/get_results/101): Requested solution for job_101.
2024-04-06 12:13:29,233 - app.Log - INFO - (/api/get_results/101): Received solution for job_101.
2024-04-06 12:13:29,241 - app.Log - INFO - (/api/states_mean): Request body: {'question': 'Percent of adults who engage in muscle-strengthening activities on 2 or more days a week'}.
2024-04-06 12:13:29,242 - app.Log - INFO - Registered job states mean with id: 102.
2024-04-06 12:13:29,248 - app.Log - INFO - (/api/get_results/102): Requested solution for job_102.
2024-04-06 12:13:29,250 - app.Log - INFO - (/api/get_results/102): Received solution for job_102.
2024-04-06 12:13:29,258 - app.Log - INFO - (/api/states_mean): Request body: {'question': 'Percent of adults who engage in no leisure-time physical activity'}.
2024-04-06 12:13:29,259 - app.Log - INFO - Registered job states mean with id: 103.
2024-04-06 12:13:29,265 - app.Log - INFO - (/api/get_results/103): Requested solution for job_103.
2024-04-06 12:13:29,267 - app.Log - INFO - (/api/get_results/103): Received solution for job_103.
2024-04-06 12:13:29,275 - app.Log - INFO - (/api/states_mean): Request body: {'question': 'Percent of adults who report consuming fruit less than one time daily'}.
2024-04-06 12:13:29,276 - app.Log - INFO - Registered job states mean with id: 104.
2024-04-06 12:13:29,282 - app.Log - INFO - (/api/get_results/104): Requested solution for job_104.
2024-04-06 12:13:29,285 - app.Log - INFO - (/api/get_results/104): Received solution for job_104.
2024-04-06 12:13:29,293 - app.Log - INFO - (/api/states_mean): Request body: {'question': 'Percent of adults who report consuming vegetables less than one time daily'}.
2024-04-06 12:13:29,293 - app.Log - INFO - Registered job states mean with id: 105.
2024-04-06 12:13:29,301 - app.Log - INFO - (/api/get_results/105): Requested solution for job_105.
2024-04-06 12:13:29,303 - app.Log - INFO - (/api/get_results/105): Received solution for job_105.
2024-04-06 12:13:29,333 - app.Log - INFO - (/api/worst5): Request body: {'question': 'Percent of adults aged 18 years and older who have an overweight classification'}.
2024-04-06 12:13:29,335 - app.Log - INFO - (/api/worst5): Registered job worst five with id: 106.
2024-04-06 12:13:29,342 - app.Log - INFO - (/api/get_results/106): Requested solution for job_106.
2024-04-06 12:13:29,345 - app.Log - INFO - (/api/get_results/106): Received solution for job_106.
2024-04-06 12:13:29,353 - app.Log - INFO - (/api/worst5): Request body: {'question': 'Percent of adults aged 18 years and older who have obesity'}.
2024-04-06 12:13:29,354 - app.Log - INFO - (/api/worst5): Registered job worst five with id: 107.
2024-04-06 12:13:29,362 - app.Log - INFO - (/api/get_results/107): Requested solution for job_107.
2024-04-06 12:13:29,364 - app.Log - INFO - (/api/get_results/107): Received solution for job_107.
2024-04-06 12:13:29,374 - app.Log - INFO - (/api/worst5): Request body: {'question': 'Percent of adults who achieve at least 150 minutes a week of moderate-intensity aerobic physical activity or 75 minutes a week of vigorous-intensity aerobic activity (or an equivalent combination)'}.
2024-04-06 12:13:29,375 - app.Log - INFO - (/api/worst5): Registered job worst five with id: 108.
2024-04-06 12:13:29,382 - app.Log - INFO - (/api/get_results/108): Requested solution for job_108.
2024-04-06 12:13:29,384 - app.Log - INFO - (/api/get_results/108): Received solution for job_108.
2024-04-06 12:13:29,394 - app.Log - INFO - (/api/worst5): Request body: {'question': 'Percent of adults who achieve at least 150 minutes a week of moderate-intensity aerobic physical activity or 75 minutes a week of vigorous-intensity aerobic physical activity and engage in muscle-strengthening activities on 2 or more days a week'}.
2024-04-06 12:13:29,395 - app.Log - INFO - (/api/worst5): Registered job worst five with id: 109.
2024-04-06 12:13:29,401 - app.Log - INFO - (/api/get_results/109): Requested solution for job_109.
2024-04-06 12:13:29,404 - app.Log - INFO - (/api/get_results/109): Received solution for job_109.
2024-04-06 12:13:29,412 - app.Log - INFO - (/api/worst5): Request body: {'question': 'Percent of adults who achieve at least 300 minutes a week of moderate-intensity aerobic physical activity or 150 minutes a week of vigorous-intensity aerobic activity (or an equivalent combination)'}.
2024-04-06 12:13:29,413 - app.Log - INFO - (/api/worst5): Registered job worst five with id: 110.
2024-04-06 12:13:29,420 - app.Log - INFO - (/api/get_results/110): Requested solution for job_110.
2024-04-06 12:13:29,422 - app.Log - INFO - (/api/get_results/110): Received solution for job_110.
2024-04-06 12:13:29,431 - app.Log - INFO - (/api/worst5): Request body: {'question': 'Percent of adults who engage in muscle-strengthening activities on 2 or more days a week'}.
2024-04-06 12:13:29,432 - app.Log - INFO - (/api/worst5): Registered job worst five with id: 111.
2024-04-06 12:13:29,438 - app.Log - INFO - (/api/get_results/111): Requested solution for job_111.
2024-04-06 12:13:29,441 - app.Log - INFO - (/api/get_results/111): Received solution for job_111.
2024-04-06 12:13:29,450 - app.Log - INFO - (/api/worst5): Request body: {'question': 'Percent of adults who engage in no leisure-time physical activity'}.
2024-04-06 12:13:29,451 - app.Log - INFO - (/api/worst5): Registered job worst five with id: 112.
2024-04-06 12:13:29,457 - app.Log - INFO - (/api/get_results/112): Requested solution for job_112.
2024-04-06 12:13:29,459 - app.Log - INFO - (/api/get_results/112): Received solution for job_112.
2024-04-06 12:13:29,465 - app.Log - INFO - (/api/worst5): Request body: {'question': 'Percent of adults who report consuming fruit less than one time daily'}.
2024-04-06 12:13:29,466 - app.Log - INFO - (/api/worst5): Registered job worst five with id: 113.
2024-04-06 12:13:29,472 - app.Log - INFO - (/api/get_results/113): Requested solution for job_113.
2024-04-06 12:13:29,474 - app.Log - INFO - (/api/get_results/113): Received solution for job_113.
2024-04-06 12:13:29,480 - app.Log - INFO - (/api/worst5): Request body: {'question': 'Percent of adults who report consuming vegetables less than one time daily'}.
2024-04-06 12:13:29,481 - app.Log - INFO - (/api/worst5): Registered job worst five with id: 114.
2024-04-06 12:13:29,487 - app.Log - INFO - (/api/get_results/114): Requested solution for job_114.
2024-04-06 12:13:29,489 - app.Log - INFO - (/api/get_results/114): Received solution for job_114.
